Log file open, 09/05/17 20:15:05
LogWindows: LoadLibraryWithSearchPaths failed for file aqProf.dll. GetLastError=0
LogWindows: LoadLibraryWithSearchPaths failed for file VSPerf140.dll. GetLastError=0
LogWindows: LoadLibraryWithSearchPaths failed for file VtuneApi.dll. GetLastError=0
LogWindows: LoadLibraryWithSearchPaths failed for file VtuneApi32e.dll. GetLastError=0
LogInit: Display: Running engine for game: SquidMnch
LogPlatformFile: Not using cached read wrapper
LogInit: Display: RandInit(-1842507892) SRandInit(-1842507892).
LogTaskGraph: Started task graph with 5 named threads and 8 total threads with 3 sets of task threads.
LogStats: Stats thread started at 0.120141
LogD3D11RHI: Aftermath initialized
LogPluginManager: Mounting plugin Paper2D
LogPluginManager: Mounting plugin LightPropagationVolume
LogPluginManager: Mounting plugin CodeLiteSourceCodeAccess
LogPluginManager: Mounting plugin GitSourceControl
LogPluginManager: Mounting plugin KDevelopSourceCodeAccess
LogPluginManager: Mounting plugin NullSourceCodeAccess
LogPluginManager: Mounting plugin PerforceSourceControl
LogPluginManager: Mounting plugin SubversionSourceControl
LogPluginManager: Mounting plugin UObjectPlugin
LogPluginManager: Mounting plugin VisualStudioSourceCodeAccess
LogPluginManager: Mounting plugin XCodeSourceCodeAccess
LogPluginManager: Mounting plugin AssetManagerEditor
LogPluginManager: Mounting plugin AudioCapture
LogPluginManager: Mounting plugin FacialAnimation
LogPluginManager: Mounting plugin GameplayTagsEditor
LogPluginManager: Mounting plugin MobileLauncherProfileWizard
LogPluginManager: Mounting plugin PluginBrowser
LogPluginManager: Mounting plugin SpeedTreeImporter
LogPluginManager: Mounting plugin AlembicImporter
LogPluginManager: Mounting plugin CharacterAI
LogPluginManager: Mounting plugin HTML5Networking
LogPluginManager: Mounting plugin AndroidMedia
LogPluginManager: Mounting plugin AvfMedia
LogPluginManager: Mounting plugin MediaPlayerEditor
LogPluginManager: Mounting plugin WmfMedia
LogPluginManager: Mounting plugin TcpMessaging
LogPluginManager: Mounting plugin UdpMessaging
LogPluginManager: Mounting plugin LevelSequenceEditor
LogPluginManager: Mounting plugin MatineeToLevelSequence
LogPluginManager: Mounting plugin OnlineSubsystemGooglePlay
LogPluginManager: Mounting plugin OnlineSubsystemIOS
LogPluginManager: Mounting plugin OnlineSubsystem
LogPluginManager: Mounting plugin OnlineSubsystemNull
LogPluginManager: Mounting plugin OnlineSubsystemUtils
LogPluginManager: Mounting plugin AndroidDeviceProfileSelector
LogPluginManager: Mounting plugin AndroidMoviePlayer
LogPluginManager: Mounting plugin AndroidPermission
LogPluginManager: Mounting plugin AppleMoviePlayer
LogPluginManager: Mounting plugin ArchVisCharacter
LogPluginManager: Mounting plugin CableComponent
LogPluginManager: Mounting plugin CustomMeshComponent
LogPluginManager: Mounting plugin ExampleDeviceProfileSelector
LogPluginManager: Mounting plugin GoogleCloudMessaging
LogPluginManager: Mounting plugin ImmediatePhysics
LogPluginManager: Mounting plugin IOSDeviceProfileSelector
LogPluginManager: Mounting plugin LinuxDeviceProfileSelector
LogPluginManager: Mounting plugin LocationServicesBPLibrary
LogPluginManager: Mounting plugin MobilePatchingUtils
LogPluginManager: Mounting plugin OculusVR
LogPluginManager: Mounting plugin PhysXVehicles
LogPluginManager: Mounting plugin ProceduralMeshComponent
LogPluginManager: Mounting plugin RuntimePhysXCooking
LogPluginManager: Mounting plugin SteamVR
LogPluginManager: Mounting plugin WindowsMoviePlayer
LogInit: Using libcurl 7.47.1
LogInit:  - built for x86_64-pc-win32
LogInit:  - supports SSL with OpenSSL/1.0.2g
LogInit:  - supports HTTP deflate (compression) using libz 1.2.8
LogInit:  - other features:
LogInit:      CURL_VERSION_SSL
LogInit:      CURL_VERSION_LIBZ
LogInit:      CURL_VERSION_IPV6
LogInit:      CURL_VERSION_ASYNCHDNS
LogInit:      CURL_VERSION_LARGEFILE
LogInit:      CURL_VERSION_IDN
LogInit:  CurlRequestOptions (configurable via config and command line):
LogInit:  - bVerifyPeer = false  - Libcurl will NOT verify peer certificate
LogInit:  - bUseHttpProxy = false  - Libcurl will NOT use HTTP proxy
LogInit:  - bDontReuseConnections = false  - Libcurl will reuse connections
LogInit:  - CertBundlePath = nullptr  - Libcurl will use whatever was configured at build time.
LogInit: Build: ++UE4+Release-4.17-CL-3586342
LogInit: Engine Version: 4.17.1-3586342+++UE4+Release-4.17
LogInit: Compatible Engine Version: 4.17.0-3573198+++UE4+Release-4.17
LogInit: Net CL: 3573198
LogDevObjectVersion: Number of dev versions registered: 16
LogDevObjectVersion:   Dev-Blueprints (B0D832E4-1F89-4F0D-ACCF-7EB736FD4AA2): 10
LogDevObjectVersion:   Dev-Build (E1C64328-A22C-4D53-A36C-8E866417BD8C): 0
LogDevObjectVersion:   Dev-Core (375EC13C-06E4-48FB-B500-84F0262A717E): 2
LogDevObjectVersion:   Dev-Editor (E4B068ED-F494-42E9-A231-DA0B2E46BB41): 20
LogDevObjectVersion:   Dev-Framework (CFFC743F-43B0-4480-9391-14DF171D2073): 28
LogDevObjectVersion:   Dev-Mobile (B02B49B5-BB20-44E9-A304-32B752E40360): 0
LogDevObjectVersion:   Dev-Networking (A4E4105C-59A1-49B5-A7C5-40C4547EDFEE): 0
LogDevObjectVersion:   Dev-Online (39C831C9-5AE6-47DC-9A44-9C173E1C8E7C): 0
LogDevObjectVersion:   Dev-Physics (78F01B33-EBEA-4F98-B9B4-84EACCB95AA2): 0
LogDevObjectVersion:   Dev-Platform (6631380F-2D4D-43E0-8009-CF276956A95A): 0
LogDevObjectVersion:   Dev-Rendering (12F88B9F-8875-4AFC-A67C-D90C383ABD29): 19
LogDevObjectVersion:   Dev-Sequencer (7B5AE74C-D270-4C10-A958-57980B212A5A): 4
LogDevObjectVersion:   Dev-VR (D7296918-1DD6-4BDD-9DE2-64A83CC13884): 0
LogDevObjectVersion:   Dev-LoadTimes (C2A15278-BFE7-4AFE-6C17-90FF531DF755): 1
LogDevObjectVersion:   Private-Geometry (6EACA3D4-40EC-4CC1-B786-8BED09428FC5): 1
LogDevObjectVersion:   Dev-AnimPhys (29E575DD-E0A3-4627-9D10-D276232CDCEA): 7
LogInit: Compiled (64-bit): Aug 15 2017 02:05:26
LogInit: Compiled with Visual C++: 19.00.24215.01
LogInit: Build Configuration: Development
LogInit: Branch Name: ++UE4+Release-4.17
LogInit: Command line:  
LogInit: Base directory: C:/Program Files/Epic Games/UE_4.17/Engine/Binaries/Win64/
LogInit: Installed Engine Build: 1
LogInit: Presizing for max 8388607 objects, including 0 objects not considered by GC, pre-allocating 0 bytes for permanent pool.
LogInit: Object subsystem initialized
[2017.09.06-01.15.06:656][  0]LogInit: Selected Device Profile: [Windows]
[2017.09.06-01.15.06:657][  0]LogInit: Applying CVar settings loaded from the selected device profile: [Windows]
[2017.09.06-01.15.06:668][  0]LogInit: Computer: SEC-2-PC
[2017.09.06-01.15.06:668][  0]LogInit: User: Sec2
[2017.09.06-01.15.06:668][  0]LogInit: CPU Page size=4096, Cores=2
[2017.09.06-01.15.06:668][  0]LogInit: High frequency timer resolution =2.338359 MHz
[2017.09.06-01.15.06:669][  0]LogMemory: Memory total: Physical=7.7GB (8GB approx)
[2017.09.06-01.15.06:669][  0]LogMemory: Platform Memory Stats for Windows
[2017.09.06-01.15.06:669][  0]LogMemory: Process Physical Memory: 279.13 MB used, 279.13 MB peak
[2017.09.06-01.15.06:669][  0]LogMemory: Process Virtual Memory: 276.66 MB used, 276.66 MB peak
[2017.09.06-01.15.06:669][  0]LogMemory: Physical Memory: 3765.07 MB used,  4118.02 MB free, 7883.10 MB total
[2017.09.06-01.15.06:669][  0]LogMemory: Virtual Memory: 653.85 MB used,  4118.02 MB free, 8388608.00 MB total
[2017.09.06-01.15.06:910][  0]LogInit: Using OS detected language (en-US).
[2017.09.06-01.15.06:910][  0]LogInit: Using OS detected locale (en-US).
[2017.09.06-01.15.06:915][  0]LogTextLocalizationManager: No specific localization for 'en-US' exists, so the 'en' localization will be used.
[2017.09.06-01.15.08:168][  0]LogD3D11RHI: D3D11 adapters:
[2017.09.06-01.15.08:210][  0]LogD3D11RHI:    0. 'NVIDIA GeForce GT 745M' (Feature Level 11_0)
[2017.09.06-01.15.08:210][  0]LogD3D11RHI:       1992/0/2048 MB DedicatedVideo/DedicatedSystem/SharedSystem, Outputs:1, VendorId:0x10de
[2017.09.06-01.15.08:231][  0]LogD3D11RHI:    1. 'NVIDIA GeForce GT 745M' (Feature Level 11_0)
[2017.09.06-01.15.08:231][  0]LogD3D11RHI:       1992/0/2048 MB DedicatedVideo/DedicatedSystem/SharedSystem, Outputs:0, VendorId:0x10de
[2017.09.06-01.15.08:231][  0]LogD3D11RHI: Chosen D3D11 Adapter: 0
[2017.09.06-01.15.08:241][  0]LogD3D11RHI: Creating new Direct3DDevice
[2017.09.06-01.15.08:241][  0]LogD3D11RHI:     GPU DeviceId: 0xfe3 (for the marketing name, search the web for "GPU Device Id")
[2017.09.06-01.15.08:241][  0]LogWindows: EnumDisplayDevices:
[2017.09.06-01.15.08:242][  0]LogWindows:    0. 'Intel(R) HD Graphics Family' (P:1 D:1)
[2017.09.06-01.15.08:242][  0]LogWindows:    1. 'Intel(R) HD Graphics Family' (P:0 D:0)
[2017.09.06-01.15.08:242][  0]LogWindows:    2. 'Intel(R) HD Graphics Family' (P:0 D:0)
[2017.09.06-01.15.08:242][  0]LogWindows:    3. 'NVIDIA GeForce GT 745M' (P:0 D:0)
[2017.09.06-01.15.08:242][  0]LogWindows:    4. 'RDPDD Chained DD' (P:0 D:0)
[2017.09.06-01.15.08:242][  0]LogWindows:    5. 'RDP Encoder Mirror Driver' (P:0 D:0)
[2017.09.06-01.15.08:242][  0]LogWindows:    6. 'RDP Reflector Display Driver' (P:0 D:0)
[2017.09.06-01.15.08:243][  0]LogWindows: DebugString: PrimaryIsNotTheChoosenAdapter PrimaryIsNotTheChoosenAdapter PrimaryIsNotTheChoosenAdapter GetVideoDriverDetailsInvalid PrimaryIsNotTheChoosenAdapter GetVideoDriverDetailsInvalid PrimaryIsNotTheChoosenAdapter GetVideoDriverDetailsInvalid PrimaryIsNotTheChoosenAdapter 
[2017.09.06-01.15.08:243][  0]LogD3D11RHI:     Adapter Name: NVIDIA GeForce GT 745M
[2017.09.06-01.15.08:243][  0]LogD3D11RHI:   Driver Version: 385.41 (internal:22.21.13.8541, unified:385.41)
[2017.09.06-01.15.08:243][  0]LogD3D11RHI:      Driver Date: 8-21-2017
[2017.09.06-01.15.08:243][  0]LogRHI: Texture pool is 1361 MB (70% of 1945 MB)
[2017.09.06-01.15.08:264][  0]LogD3D11RHI: Async texture creation enabled
[2017.09.06-01.15.08:283][  0]LogD3D11RHI: GPU Timing Frequency: 1000.000000 (Debug: 2 2)
[2017.09.06-01.15.08:284][  0]LogShaderCompilers: Guid format shader working directory is -10 characters bigger than the processId version (../../../../../../Users/Sec 2/Documents/GitHub/SquidMnch/Intermediate/Shaders/WorkingDirectory/7088/).
[2017.09.06-01.15.08:284][  0]LogShaderCompilers: Cleaned the shader compiler working directory 'C:/Users/Sec 2/AppData/Local/Temp/UnrealShaderWorkingDir/3D601E734379A155F95B1E829D6AEEB6/'.
[2017.09.06-01.15.08:284][  0]LogShaderCompilers: Display: Using Local Shader Compiler.
[2017.09.06-01.15.10:184][  0]LogTemp: Display: Loaded TP AllDesktopTargetPlatform
[2017.09.06-01.15.10:249][  0]LogTemp: Display: Loaded TP MacClientTargetPlatform
[2017.09.06-01.15.10:312][  0]LogTemp: Display: Loaded TP MacNoEditorTargetPlatform
[2017.09.06-01.15.10:376][  0]LogTemp: Display: Loaded TP MacServerTargetPlatform
[2017.09.06-01.15.10:441][  0]LogTemp: Display: Loaded TP MacTargetPlatform
[2017.09.06-01.15.10:507][  0]LogTemp: Display: Loaded TP WindowsClientTargetPlatform
[2017.09.06-01.15.10:569][  0]LogTemp: Display: Loaded TP WindowsNoEditorTargetPlatform
[2017.09.06-01.15.10:631][  0]LogTemp: Display: Loaded TP WindowsServerTargetPlatform
[2017.09.06-01.15.10:688][  0]LogTemp: Display: Loaded TP WindowsTargetPlatform
[2017.09.06-01.15.10:757][  0]LogTemp: Display: Loaded TP AndroidTargetPlatform
[2017.09.06-01.15.10:824][  0]LogTemp: Display: Loaded TP Android_ASTCTargetPlatform
[2017.09.06-01.15.10:891][  0]LogTemp: Display: Loaded TP Android_ATCTargetPlatform
[2017.09.06-01.15.10:980][  0]LogTemp: Display: Loaded TP Android_DXTTargetPlatform
[2017.09.06-01.15.11:071][  0]LogTemp: Display: Loaded TP Android_ETC1TargetPlatform
[2017.09.06-01.15.11:139][  0]LogTemp: Display: Loaded TP Android_ETC2TargetPlatform
[2017.09.06-01.15.11:278][  0]LogTemp: Display: Loaded TP Android_MultiTargetPlatform
[2017.09.06-01.15.11:278][  0]LogTemp: Display: Loaded TP Android_PVRTCTargetPlatform
[2017.09.06-01.15.11:329][  0]LogTemp: Display: Loaded TP HTML5TargetPlatform
[2017.09.06-01.15.11:448][  0]LogTemp: Display: Loaded TP IOSTargetPlatform
[2017.09.06-01.15.11:486][  0]LogTemp: Display: Loaded TP TVOSTargetPlatform
[2017.09.06-01.15.11:546][  0]LogTemp: Display: Loaded TP LinuxClientTargetPlatform
[2017.09.06-01.15.11:610][  0]LogTemp: Display: Loaded TP LinuxNoEditorTargetPlatform
[2017.09.06-01.15.11:672][  0]LogTemp: Display: Loaded TP LinuxServerTargetPlatform
[2017.09.06-01.15.11:738][  0]LogTemp: Display: Loaded TP LinuxTargetPlatform
[2017.09.06-01.15.11:738][  0]LogTargetPlatformManager: Display: Building Assets For Windows
[2017.09.06-01.15.12:295][  0]LogDerivedDataCache: Display: Max Cache Size: 512 MB
[2017.09.06-01.15.12:467][  0]LogDerivedDataCache: Loaded boot cache 0.17s 93MB C:/Users/Sec 2/AppData/Local/UnrealEngine/4.17/DerivedDataCache/Boot.ddc.
[2017.09.06-01.15.12:467][  0]LogDerivedDataCache: Display: Loaded Boot cache: C:/Users/Sec 2/AppData/Local/UnrealEngine/4.17/DerivedDataCache/Boot.ddc
[2017.09.06-01.15.12:467][  0]LogDerivedDataCache: FDerivedDataBackendGraph:  Pak pak cache file ../../../../../../Users/Sec 2/Documents/GitHub/SquidMnch/DerivedDataCache/DDC.ddp not found, will not use a pak cache.
[2017.09.06-01.15.12:467][  0]LogDerivedDataCache: Unable to find inner node Pak for hierarchical cache Hierarchy.
[2017.09.06-01.15.12:467][  0]LogDerivedDataCache: FDerivedDataBackendGraph:  CompressedPak pak cache file ../../../../../../Users/Sec 2/Documents/GitHub/SquidMnch/DerivedDataCache/Compressed.ddp not found, will not use a pak cache.
[2017.09.06-01.15.12:468][  0]LogDerivedDataCache: Unable to find inner node CompressedPak for hierarchical cache Hierarchy.
[2017.09.06-01.15.12:492][  0]LogDerivedDataCache: Display: Pak cache opened for reading ../../../Engine/DerivedDataCache/Compressed.ddp.
[2017.09.06-01.15.12:504][  0]LogDerivedDataCache: Using Local data cache path C:/Users/Sec 2/AppData/Local/UnrealEngine/Common/DerivedDataCache: Writable
[2017.09.06-01.15.12:520][  0]LogMaterial: Verifying Global Shaders for PCD3D_SM5
[2017.09.06-01.15.12:521][  0]LogSlate: Using Freetype 2.6.0
[2017.09.06-01.15.12:522][  0]LogSlate: SlateFontCache - WITH_FREETYPE: 1, WITH_HARFBUZZ: 1
[2017.09.06-01.15.12:522][  0]LogSlate: SlateFontCache - WITH_FREETYPE: 1, WITH_HARFBUZZ: 1
[2017.09.06-01.15.12:997][  0]LogAssetRegistry: FAssetRegistry took 0.0273 seconds to start up
[2017.09.06-01.15.13:252][  0]LogInit: Selected Device Profile: [Windows]
[2017.09.06-01.15.13:256][  0]LogContentStreaming: Texture pool size is 0.00 MB
[2017.09.06-01.15.13:745][  0]LogSimplygon: Simplygon DLL not present - disabling.
[2017.09.06-01.15.13:796][  0]LogMeshReduction: Using SimplygonSwarm for distributed automatic mesh merging
[2017.09.06-01.15.13:796][  0]LogMeshReduction: Using QuadricMeshReduction for automatic static mesh reduction
[2017.09.06-01.15.13:796][  0]LogMeshReduction: No automatic skeletal mesh reduction module available
[2017.09.06-01.15.13:796][  0]LogMeshReduction: No automatic mesh merging module available
[2017.09.06-01.15.13:796][  0]LogMeshMerging: No automatic mesh merging module available
[2017.09.06-01.15.14:338][  0]LogNetVersion: SquidMnch , NetCL: 3573198, EngineNetVer: 2, GameNetVer: 0 (Checksum: 2902319585)
[2017.09.06-01.15.14:652][  0]LogPackageLocalizationCache: Processed 5 localized package path(s) for 2 prioritized culture(s) in 0.076931 seconds
[2017.09.06-01.15.14:663][  0]LogUObjectArray: 35825 objects as part of root set at end of initial load.
[2017.09.06-01.15.14:663][  0]LogUObjectAllocator: 7529112 out of 0 bytes used by permanent object pool.
[2017.09.06-01.15.14:663][  0]LogUObjectArray: CloseDisregardForGC: 0/0 objects in disregard for GC pool
[2017.09.06-01.15.14:744][  0]LogInit: WinSock: version 1.1 (2.2), MaxSocks=32767, MaxUdp=65467
[2017.09.06-01.15.18:349][  0]LogTcpMessaging: Initializing TcpMessaging bridge
[2017.09.06-01.15.18:400][  0]LogUdpMessaging: Initializing bridge on interface 0.0.0.0:0 to multicast group 230.0.0.1:6666.
[2017.09.06-01.15.19:173][  0]LogMaterial: Uniform references updated for custom material expression Custom.
[2017.09.06-01.15.19:727][  0]SourceControl: Source control is disabled
[2017.09.06-01.15.19:727][  0]SourceControl: Source control is disabled
[2017.09.06-01.15.19:792][  0]SourceControl: Source control is disabled
[2017.09.06-01.15.19:857][  0]SourceControl: Source control is disabled
[2017.09.06-01.15.20:560][  0]LogAndroidPermission: UAndroidPermissionCallbackProxy::GetInstance
[2017.09.06-01.15.20:853][  0]LogOcInput: OculusInput pre-init called
[2017.09.06-01.15.21:149][  0]LogEngine: Initializing Engine...
[2017.09.06-01.15.21:151][  0]LogHMD: Failed to initialize OpenVR with code 110
[2017.09.06-01.15.21:471][  0]LogStats: UGameplayTagsManager::ConstructGameplayTagTree: Construct from data asset -  0.000 s
[2017.09.06-01.15.21:471][  0]LogStats: UGameplayTagsManager::ConstructGameplayTagTree: GameplayTagTreeChangedEvent.Broadcast -  0.000 s
[2017.09.06-01.15.21:627][  0]LogAIModule: Creating AISystem for world Untitled
[2017.09.06-01.15.21:645][  0]LogInit: XAudio2 using 'Speakers (High Definition Audio Device)' : 2 channels at 44.1 kHz using 16 bits per sample (channel mask 0x3)
[2017.09.06-01.15.21:678][  0]LogInit: FAudioDevice initialized.
[2017.09.06-01.15.21:820][  0]LogDerivedDataCache: Saved boot cache 0.14s 93MB C:/Users/Sec 2/AppData/Local/UnrealEngine/4.17/DerivedDataCache/Boot.ddc.
[2017.09.06-01.15.21:832][  0]LogInit: Texture streaming: Enabled
[2017.09.06-01.15.21:947][  0]LogEngineSessionManager: EngineSessionManager initialized
[2017.09.06-01.15.22:206][  0]LogInit: Transaction tracking system initialized
[2017.09.06-01.15.22:590][  0]BlueprintLog: New page: Editor Load
[2017.09.06-01.15.23:665][  0]LocalizationService: Localization service is disabled
[2017.09.06-01.15.25:129][  0]LogConsoleResponse: Display: 
[2017.09.06-01.15.25:397][  0]LogCook: Display: Max memory allowance for cook 16384mb min free memory 0mb
[2017.09.06-01.15.25:397][  0]LogCook: Display: Mobile HDR setting 1
[2017.09.06-01.15.25:397][  0]LogGameplayTags: Display: UGameplayTagsManager::DoneAddingNativeTags. DelegateIsBound: 0
[2017.09.06-01.15.25:799][  0]LogFileCache: Scanning file cache for directory 'C:/Users/Sec 2/Documents/GitHub/SquidMnch/Content/' took 0.01s
[2017.09.06-01.15.26:714][  0]SourceControl: Source control is disabled
[2017.09.06-01.15.26:714][  0]Cmd: MAP LOAD FILE="../../../../../../Users/Sec 2/Documents/GitHub/SquidMnch/Content/ThirdPersonBP/Maps/ThirdPersonExampleMap.umap" TEMPLATE=0 SHOWPROGRESS=1 FEATURELEVEL=3
[2017.09.06-01.15.26:714][  0]LightingResults: New page: Lighting Build
[2017.09.06-01.15.26:764][  0]MapCheck: New page: Map Check
[2017.09.06-01.15.26:764][  0]LightingResults: New page: Lighting Build
[2017.09.06-01.15.27:200][  0]LogAIModule: Creating AISystem for world ThirdPersonExampleMap
[2017.09.06-01.15.27:213][  0]LogEditorServer: Finished looking for orphan Actors (0.000 secs)
[2017.09.06-01.15.27:241][  0]Cmd: MAP CHECKDEP NOCLEARLOG
[2017.09.06-01.15.27:300][  0]MapCheck: Map check complete: 0 Error(s), 0 Warning(s), took 59.132ms to complete.
[2017.09.06-01.15.27:300][  0]LogFileHelpers: Loading map 'ThirdPersonExampleMap' took 0.586
[2017.09.06-01.15.27:402][  0]LogCollectionManager: Loaded 0 collections in 0.001383 seconds
[2017.09.06-01.15.27:492][  0]LogFileCache: Scanning file cache for directory 'C:/Users/Sec 2/Documents/GitHub/SquidMnch/Saved/Collections/' took 0.01s
[2017.09.06-01.15.27:493][  0]LogFileCache: Scanning file cache for directory 'C:/Users/Sec 2/Documents/GitHub/SquidMnch/Content/Developers/Sec2/Collections/' took 0.01s
[2017.09.06-01.15.27:493][  0]LogFileCache: Scanning file cache for directory 'C:/Users/Sec 2/Documents/GitHub/SquidMnch/Content/Collections/' took 0.01s
[2017.09.06-01.15.27:493][  0]LogCollectionManager: Rebuilt the GUID cache for 0 collections in 0.000003 seconds
[2017.09.06-01.15.27:504][  0]LogContentBrowser: Native class hierarchy populated in 0.0104 seconds. Added 2386 classes and 500 folders.
[2017.09.06-01.15.27:581][  0]LogContentBrowser: Native class hierarchy updated for 'WidgetCarousel' in 0.0007 seconds. Added 0 classes and 0 folders.
[2017.09.06-01.15.27:641][  0]LogContentBrowser: Native class hierarchy updated for 'AddContentDialog' in 0.0007 seconds. Added 0 classes and 0 folders.
[2017.09.06-01.15.27:765][  0]LogContentBrowser: Native class hierarchy updated for 'SceneOutliner' in 0.0009 seconds. Added 1 classes and 2 folders.
[2017.09.06-01.15.27:806][  0]LogSlate: Took 0.015013 seconds to synchronously load lazily loaded font '../../../Engine/Content/Slate/Fonts/Roboto-Regular.ttf' (155K)
[2017.09.06-01.15.27:814][  0]LogSlate: Took 0.000612 seconds to synchronously load lazily loaded font '../../../Engine/Content/Slate/Fonts/Roboto-Bold.ttf' (160K)
[2017.09.06-01.15.28:010][  0]LogRenderer: Reallocating scene render targets to support 1232x924 Format 9 NumSamples 1 (Frame:1).
[2017.09.06-01.15.28:256][  0]LogUObjectGlobals: Warning: Failed to find object 'Class None.'
[2017.09.06-01.15.28:324][  0]LogContentBrowser: Native class hierarchy updated for 'HierarchicalLODOutliner' in 0.0008 seconds. Added 1 classes and 2 folders.
[2017.09.06-01.15.28:324][  0]LogLoad: (Engine Initialization) Total time: 23.33 seconds
[2017.09.06-01.15.28:324][  0]LogLoad: (Engine Initialization) Total Blueprint compile time: 0.00 seconds
[2017.09.06-01.15.28:324][  0]LogExternalProfiler: No external profilers were discovered.  External profiling features will not be available.
[2017.09.06-01.15.28:357][  0]LogContentStreaming: Texture pool size now 400 MB
[2017.09.06-01.15.28:380][  1]LogAssetRegistry: Asset discovery search completed in 15.4038 seconds
[2017.09.06-01.15.28:384][  1]LogCollectionManager: Rebuilt the object cache for 0 collections in 0.000001 seconds (found 0 objects)
[2017.09.06-01.15.28:384][  1]LogCollectionManager: Fixed up redirectors for 0 collections in 0.000075 seconds (updated 0 objects)
[2017.09.06-01.15.35:345][254]LogEditorViewport: Clicking on Actor (LMB): StaticMeshActor (Ramp_StaticMesh)
[2017.09.06-01.15.35:438][254]LogSlate: Took 0.000424 seconds to synchronously load lazily loaded font '../../../Engine/Content/Editor/Slate/Fonts/FontAwesome.ttf' (139K)
[2017.09.06-01.15.40:036][417]Cmd: DELETE
[2017.09.06-01.15.40:036][417]Cmd: ACTOR DELETE
[2017.09.06-01.15.40:044][417]LogEditorActor: Deleted Actor: StaticMeshActor
[2017.09.06-01.15.40:057][417]LogEditorActor: Deleted 1 Actors (0.021 secs)
[2017.09.06-01.15.41:684][478]LogEditorViewport: Clicking on Actor (LMB): StaticMeshActor (CubeMesh)
[2017.09.06-01.15.43:655][547]Cmd: DELETE
[2017.09.06-01.15.43:655][547]Cmd: ACTOR DELETE
[2017.09.06-01.15.43:655][547]LogEditorActor: Deleted Actor: StaticMeshActor
[2017.09.06-01.15.43:674][547]LogEditorActor: Deleted 1 Actors (0.019 secs)
[2017.09.06-01.15.44:504][577]LogEditorViewport: Clicking on Actor (LMB): StaticMeshActor (LeftArm_StaticMesh)
[2017.09.06-01.15.45:119][597]Cmd: DELETE
[2017.09.06-01.15.45:120][597]Cmd: ACTOR DELETE
[2017.09.06-01.15.45:120][597]LogEditorActor: Deleted Actor: StaticMeshActor
[2017.09.06-01.15.45:139][597]LogEditorActor: Deleted 1 Actors (0.019 secs)
[2017.09.06-01.15.45:919][626]LogEditorViewport: Clicking on Actor (LMB): StaticMeshActor (Bump_StaticMesh)
[2017.09.06-01.15.46:375][640]Cmd: DELETE
[2017.09.06-01.15.46:375][640]Cmd: ACTOR DELETE
[2017.09.06-01.15.46:376][640]LogEditorActor: Deleted Actor: StaticMeshActor
[2017.09.06-01.15.46:396][640]LogEditorActor: Deleted 1 Actors (0.021 secs)
[2017.09.06-01.15.46:960][661]LogEditorViewport: Clicking on Actor (LMB): StaticMeshActor (RightArm_StaticMesh)
[2017.09.06-01.15.47:410][675]Cmd: DELETE
[2017.09.06-01.15.47:410][675]Cmd: ACTOR DELETE
[2017.09.06-01.15.47:412][675]LogEditorActor: Deleted Actor: StaticMeshActor
[2017.09.06-01.15.47:429][675]LogEditorActor: Deleted 1 Actors (0.017 secs)
[2017.09.06-01.15.48:108][700]LogEditorViewport: Clicking on Actor (LMB): StaticMeshActor (Linear_Stair_StaticMesh)
[2017.09.06-01.15.48:487][712]Cmd: DELETE
[2017.09.06-01.15.48:487][712]Cmd: ACTOR DELETE
[2017.09.06-01.15.48:488][712]LogEditorActor: Deleted Actor: StaticMeshActor
[2017.09.06-01.15.48:506][712]LogEditorActor: Deleted 1 Actors (0.019 secs)
[2017.09.06-01.16.02:639][261]LogSlate: Took 0.000344 seconds to synchronously load lazily loaded font '../../../Engine/Content/Slate/Fonts/Roboto-Light.ttf' (159K)
[2017.09.06-01.17.10:628][384]LogSlate: Took 0.000183 seconds to synchronously load lazily loaded font '../../../Engine/Content/Slate/Fonts/Roboto-Light.ttf' (159K)
[2017.09.06-01.17.10:825][384]LogSavePackage: Save=97.50ms
[2017.09.06-01.17.10:825][384]LogSavePackage: Moving '../../../../../../Users/Sec 2/Documents/GitHub/SquidMnch/Saved/ThirdPersonExampleMap82FEF5BE4B97EFF9964A1AB47F9F18E7.tmp' to '../../../../../../Users/Sec 2/Documents/GitHub/SquidMnch/Content/ThirdPersonBP/Maps/ThirdPersonExampleMap.umap'
[2017.09.06-01.17.10:831][384]LogSavePackage: Display: Finished SavePackage ../../../../../../Users/Sec 2/Documents/GitHub/SquidMnch/Content/ThirdPersonBP/Maps/ThirdPersonExampleMap.umap
[2017.09.06-01.17.10:909][384]LogFileHelpers: Saving map 'ThirdPersonExampleMap' took 0.259
[2017.09.06-01.17.10:913][384]Cmd: OBJ SAVEPACKAGE PACKAGE="/Game/ThirdPersonBP/Blueprints/Hud" FILE="../../../../../../Users/Sec 2/Documents/GitHub/SquidMnch/Content/ThirdPersonBP/Blueprints/Hud.uasset" SILENT=true
[2017.09.06-01.17.10:953][384]LogSavePackage: Save=21.09ms
[2017.09.06-01.17.10:953][384]LogSavePackage: Moving '../../../../../../Users/Sec 2/Documents/GitHub/SquidMnch/Saved/Hud19298934426D359A41EA97839F98A0A2.tmp' to '../../../../../../Users/Sec 2/Documents/GitHub/SquidMnch/Content/ThirdPersonBP/Blueprints/Hud.uasset'
[2017.09.06-01.17.10:960][384]LogSavePackage: Display: Finished SavePackage ../../../../../../Users/Sec 2/Documents/GitHub/SquidMnch/Content/ThirdPersonBP/Blueprints/Hud.uasset
[2017.09.06-01.17.24:561][  5]SourceControl: On branch master
[2017.09.06-01.17.24:562][  5]SourceControl: Your branch is up-to-date with 'origin/master'.
[2017.09.06-01.17.24:562][  5]SourceControl: Changes not staged for commit:
[2017.09.06-01.17.24:562][  5]SourceControl:   (use "git add <file>..." to update what will be committed)
[2017.09.06-01.17.24:562][  5]SourceControl:   (use "git checkout -- <file>..." to discard changes in working directory)
[2017.09.06-01.17.24:562][  5]SourceControl: 	modified:   Content/ThirdPersonBP/Maps/ThirdPersonExampleMap.umap
[2017.09.06-01.17.24:562][  5]SourceControl: Untracked files:
[2017.09.06-01.17.24:562][  5]SourceControl:   (use "git add <file>..." to include in what will be committed)
[2017.09.06-01.17.24:562][  5]SourceControl: 	Content/ThirdPersonBP/Blueprints/Hud.uasset
[2017.09.06-01.17.24:562][  5]SourceControl: 	Intermediate/
[2017.09.06-01.17.24:562][  5]SourceControl: 	Saved/
[2017.09.06-01.17.24:562][  5]SourceControl: no changes added to commit (use "git add" and/or "git commit -a")
[2017.09.06-01.17.32:544][371]SourceControl: fatal: C:/Program Files/Epic Games/UE_4.17/Engine/Content/: 'C:/Program Files/Epic Games/UE_4.17/Engine/Content/' is outside repository
[2017.09.06-01.17.40:009][371]LogSourceControl: FGitCheckInWorker: commit successful
[2017.09.06-01.17.40:130][371]SourceControl: [master 138c0b2] fisrt
[2017.09.06-01.17.40:130][371]SourceControl:  1 file changed, 0 insertions(+), 0 deletions(-)
[2017.09.06-01.17.40:130][371]SourceControl:  create mode 100644 Content/ThirdPersonBP/Blueprints/Hud.uasset
[2017.09.06-01.17.40:135][371]SourceControl: Commited [master 138c0b2] fisrt.
[2017.09.06-01.19.12:447][300]LogEditorViewport: Clicking on Actor (context menu): StaticMeshActor (Floor)
[2017.09.06-01.19.14:759][417]LogEditorViewport: Clicking on Actor (LMB): StaticMeshActor (Floor)
[2017.09.06-01.19.32:470][ 41]LogContentBrowser: Native class hierarchy updated for 'BlueprintGraph' in 0.0015 seconds. Added 113 classes and 0 folders.
[2017.09.06-01.19.34:124][ 41]LogSlate: Took 0.000167 seconds to synchronously load lazily loaded font '../../../Engine/Content/Slate/Fonts/Roboto-Light.ttf' (159K)
[2017.09.06-01.19.34:151][ 41]LogSlate: Took 0.026449 seconds to synchronously load lazily loaded font '../../../Engine/Content/Editor/Slate/Fonts/Roboto-BoldCondensed.ttf' (158K)
[2017.09.06-01.22.30:182][118]Cmd: OBJ SAVEPACKAGE PACKAGE="/Game/ThirdPersonBP/Blueprints/Hud" FILE="../../../../../../Users/Sec 2/Documents/GitHub/SquidMnch/Content/ThirdPersonBP/Blueprints/Hud.uasset" SILENT=true
[2017.09.06-01.22.30:201][118]LogSavePackage: Save=12.74ms
[2017.09.06-01.22.30:201][118]LogSavePackage: Moving '../../../../../../Users/Sec 2/Documents/GitHub/SquidMnch/Saved/Hud250A51B74B9CCDB5769846B9D155787D.tmp' to '../../../../../../Users/Sec 2/Documents/GitHub/SquidMnch/Content/ThirdPersonBP/Blueprints/Hud.uasset'
[2017.09.06-01.22.30:207][118]LogSavePackage: Display: Finished SavePackage ../../../../../../Users/Sec 2/Documents/GitHub/SquidMnch/Content/ThirdPersonBP/Blueprints/Hud.uasset
[2017.09.06-01.22.30:841][135]BlueprintLog: New page: Compile Hud
[2017.09.06-01.22.34:246][226]Cmd: OBJ SAVEPACKAGE PACKAGE="/Game/ThirdPersonBP/Blueprints/Hud" FILE="../../../../../../Users/Sec 2/Documents/GitHub/SquidMnch/Content/ThirdPersonBP/Blueprints/Hud.uasset" SILENT=true
[2017.09.06-01.22.34:261][226]LogSavePackage: Save=11.90ms
[2017.09.06-01.22.34:262][226]LogSavePackage: Moving '../../../../../../Users/Sec 2/Documents/GitHub/SquidMnch/Saved/Hud4495F7EC4E01CAB3CB64CBB2EC60B0F8.tmp' to '../../../../../../Users/Sec 2/Documents/GitHub/SquidMnch/Content/ThirdPersonBP/Blueprints/Hud.uasset'
[2017.09.06-01.22.34:265][226]LogSavePackage: Display: Finished SavePackage ../../../../../../Users/Sec 2/Documents/GitHub/SquidMnch/Content/ThirdPersonBP/Blueprints/Hud.uasset
[2017.09.06-01.25.45:089][521]SourceControl: fatal: C:/Program Files/Epic Games/UE_4.17/Engine/Content/: 'C:/Program Files/Epic Games/UE_4.17/Engine/Content/' is outside repository
[2017.09.06-01.25.52:295][521]LogSourceControl: FGitCheckInWorker: commit successful
[2017.09.06-01.25.52:436][521]SourceControl: [master 642e1da] hud
[2017.09.06-01.25.52:436][521]SourceControl:  1 file changed, 0 insertions(+), 0 deletions(-)
[2017.09.06-01.25.52:436][521]SourceControl:  rewrite Content/ThirdPersonBP/Blueprints/Hud.uasset (61%)
[2017.09.06-01.25.52:441][521]SourceControl: Commited [master 642e1da] hud.
